<?xml version="1.0" encoding="UTF-8"?>
<!-- Generated by org.testng.reporters.JUnitReportReporter -->
<testsuite hostname="DESKTOP-DKB32LH" failures="0" tests="3" name="com.automation.runner.TestRunner" time="200.011" errors="0" timestamp="17 Sep 2024 21:10:05 GMT" skipped="0">
  <testcase classname="com.automation.runner.TestRunner" name="runScenario" time="49.875"/>
  <testcase classname="com.automation.runner.TestRunner" name="runScenario" time="83.266"/>
  <testcase classname="com.automation.runner.TestRunner" name="runScenario" time="66.870"/>
</testsuite> <!-- com.automation.runner.TestRunner -->
